<?xml version="1.0" encoding="UTF-8"?>
<testng-results ignored="0" total="1" passed="1" failed="0" skipped="0">
  <reporter-output>
  </reporter-output>
  <suite started-at="2022-09-13T08:37:17 IST" name="Default suite" finished-at="2022-09-13T08:37:47 IST" duration-ms="29907">
    <groups>
    </groups>
    <test started-at="2022-09-13T08:37:17 IST" name="Default test" finished-at="2022-09-13T08:37:47 IST" duration-ms="29907">
      <class name="RecentTestCasesBySanjaySir.RecentTestCasesBySanjaySirTestClass">
        <test-method is-config="true" signature="OpenBrowser()[pri:0, instance:RecentTestCasesBySanjaySir.RecentTestCasesBySanjaySirTestClass@21e360a]" started-at="2022-09-13T08:37:17 IST" name="OpenBrowser" finished-at="2022-09-13T08:37:37 IST" duration-ms="20300" status="PASS">
          <reporter-output>
          </reporter-output>
        </test-method> <!-- OpenBrowser -->
        <test-method is-config="true" signature="Login()[pri:0, instance:RecentTestCasesBySanjaySir.RecentTestCasesBySanjaySirTestClass@21e360a]" started-at="2022-09-13T08:37:37 IST" name="Login" finished-at="2022-09-13T08:37:38 IST" duration-ms="698" status="PASS">
          <reporter-output>
          </reporter-output>
        </test-method> <!-- Login -->
        <test-method signature="VerifyQtyFieldDefaultval1()[pri:0, instance:RecentTestCasesBySanjaySir.RecentTestCasesBySanjaySirTestClass@21e360a]" started-at="2022-09-13T08:37:38 IST" name="VerifyQtyFieldDefaultval1" finished-at="2022-09-13T08:37:46 IST" duration-ms="8720" status="PASS">
          <reporter-output>
          </reporter-output>
        </test-method> <!-- VerifyQtyFieldDefaultval1 -->
        <test-method is-config="true" signature="Logout(org.testng.ITestResult)[pri:0, instance:RecentTestCasesBySanjaySir.RecentTestCasesBySanjaySirTestClass@21e360a]" started-at="2022-09-13T08:37:47 IST" name="Logout" finished-at="2022-09-13T08:37:47 IST" duration-ms="15" status="PASS">
          <params>
            <param index="0">
              <value>
                <![CDATA[[TestResult name=VerifyQtyFieldDefaultval1 status=SUCCESS method=RecentTestCasesBySanjaySirTestClass.VerifyQtyFieldDefaultval1()[pri:0, instance:RecentTestCasesBySanjaySir.RecentTestCasesBySanjaySirTestClass@21e360a] output={null}]]]>
              </value>
            </param>
          </params>
          <reporter-output>
          </reporter-output>
        </test-method> <!-- Logout -->
        <test-method is-config="true" signature="CloseBrowser()[pri:0, instance:RecentTestCasesBySanjaySir.RecentTestCasesBySanjaySirTestClass@21e360a]" started-at="2022-09-13T08:37:47 IST" name="CloseBrowser" finished-at="2022-09-13T08:37:47 IST" duration-ms="0" status="PASS">
          <reporter-output>
          </reporter-output>
        </test-method> <!-- CloseBrowser -->
      </class> <!-- RecentTestCasesBySanjaySir.RecentTestCasesBySanjaySirTestClass -->
    </test> <!-- Default test -->
  </suite> <!-- Default suite -->
</testng-results>
